                                      1 ;--------------------------------------------------------
                                      2 ; File Created by SDCC : free open source ISO C Compiler 
                                      3 ; Version 4.4.0 #14620 (MINGW32)
                                      4 ;--------------------------------------------------------
                                      5 	.module main
                                      6 	.optsdcc -mmcs51 --model-small
                                      7 	
                                      8 ;--------------------------------------------------------
                                      9 ; Public variables in this module
                                     10 ;--------------------------------------------------------
                                     11 	.globl _main
                                     12 ;--------------------------------------------------------
                                     13 ; special function registers
                                     14 ;--------------------------------------------------------
                                     15 	.area RSEG    (ABS,DATA)
      000000                         16 	.org 0x0000
                                     17 ;--------------------------------------------------------
                                     18 ; special function bits
                                     19 ;--------------------------------------------------------
                                     20 	.area RSEG    (ABS,DATA)
      000000                         21 	.org 0x0000
                                     22 ;--------------------------------------------------------
                                     23 ; overlayable register banks
                                     24 ;--------------------------------------------------------
                                     25 	.area REG_BANK_0	(REL,OVR,DATA)
      000000                         26 	.ds 8
                                     27 ;--------------------------------------------------------
                                     28 ; internal ram data
                                     29 ;--------------------------------------------------------
                                     30 	.area DSEG    (DATA)
                                     31 ;--------------------------------------------------------
                                     32 ; overlayable items in internal ram
                                     33 ;--------------------------------------------------------
                                     34 	.area	OSEG    (OVR,DATA)
      000000                         35 _main_GpioLedP0_10000_2:
      000000                         36 	.ds 5
      000005                         37 _main_i_10001_3:
      000005                         38 	.ds 4
                                     39 ;--------------------------------------------------------
                                     40 ; Stack segment in internal ram
                                     41 ;--------------------------------------------------------
                                     42 	.area SSEG
      000000                         43 __start__stack:
      000000                         44 	.ds	1
                                     45 
                                     46 ;--------------------------------------------------------
                                     47 ; indirectly addressable internal ram data
                                     48 ;--------------------------------------------------------
                                     49 	.area ISEG    (DATA)
                                     50 ;--------------------------------------------------------
                                     51 ; absolute internal ram data
                                     52 ;--------------------------------------------------------
                                     53 	.area IABS    (ABS,DATA)
                                     54 	.area IABS    (ABS,DATA)
                                     55 ;--------------------------------------------------------
                                     56 ; bit data
                                     57 ;--------------------------------------------------------
                                     58 	.area BSEG    (BIT)
                                     59 ;--------------------------------------------------------
                                     60 ; paged external ram data
                                     61 ;--------------------------------------------------------
                                     62 	.area PSEG    (PAG,XDATA)
                                     63 ;--------------------------------------------------------
                                     64 ; uninitialized external ram data
                                     65 ;--------------------------------------------------------
                                     66 	.area XSEG    (XDATA)
                                     67 ;--------------------------------------------------------
                                     68 ; absolute external ram data
                                     69 ;--------------------------------------------------------
                                     70 	.area XABS    (ABS,XDATA)
                                     71 ;--------------------------------------------------------
                                     72 ; initialized external ram data
                                     73 ;--------------------------------------------------------
                                     74 	.area XISEG   (XDATA)
                                     75 	.area HOME    (CODE)
                                     76 	.area GSINIT0 (CODE)
                                     77 	.area GSINIT1 (CODE)
                                     78 	.area GSINIT2 (CODE)
                                     79 	.area GSINIT3 (CODE)
                                     80 	.area GSINIT4 (CODE)
                                     81 	.area GSINIT5 (CODE)
                                     82 	.area GSINIT  (CODE)
                                     83 	.area GSFINAL (CODE)
                                     84 	.area CSEG    (CODE)
                                     85 ;--------------------------------------------------------
                                     86 ; interrupt vector
                                     87 ;--------------------------------------------------------
                                     88 	.area HOME    (CODE)
      000000                         89 __interrupt_vect:
      000000 02r00r00         [24]   90 	ljmp	__sdcc_gsinit_startup
                                     91 ;--------------------------------------------------------
                                     92 ; global & static initialisations
                                     93 ;--------------------------------------------------------
                                     94 	.area HOME    (CODE)
                                     95 	.area GSINIT  (CODE)
                                     96 	.area GSFINAL (CODE)
                                     97 	.area GSINIT  (CODE)
                                     98 	.globl __sdcc_gsinit_startup
                                     99 	.globl __sdcc_program_startup
                                    100 	.globl __start__stack
                                    101 	.globl __mcs51_genXINIT
                                    102 	.globl __mcs51_genXRAMCLEAR
                                    103 	.globl __mcs51_genRAMCLEAR
                                    104 	.area GSFINAL (CODE)
      000000 02r00r03         [24]  105 	ljmp	__sdcc_program_startup
                                    106 ;--------------------------------------------------------
                                    107 ; Home
                                    108 ;--------------------------------------------------------
                                    109 	.area HOME    (CODE)
                                    110 	.area HOME    (CODE)
      000003                        111 __sdcc_program_startup:
      000003 02r00r00         [24]  112 	ljmp	_main
                                    113 ;	return from main will return to caller
                                    114 ;--------------------------------------------------------
                                    115 ; code
                                    116 ;--------------------------------------------------------
                                    117 	.area CSEG    (CODE)
                                    118 ;------------------------------------------------------------
                                    119 ;Allocation info for local variables in function 'main'
                                    120 ;------------------------------------------------------------
                                    121 ;GpioLedP0                 Allocated with name '_main_GpioLedP0_10000_2'
                                    122 ;i                         Allocated with name '_main_i_10001_3'
                                    123 ;------------------------------------------------------------
                                    124 ;	main.c:2: void main(void)
                                    125 ;	-----------------------------------------
                                    126 ;	 function main
                                    127 ;	-----------------------------------------
      000000                        128 _main:
                           000007   129 	ar7 = 0x07
                           000006   130 	ar6 = 0x06
                           000005   131 	ar5 = 0x05
                           000004   132 	ar4 = 0x04
                           000003   133 	ar3 = 0x03
                           000002   134 	ar2 = 0x02
                           000001   135 	ar1 = 0x01
                           000000   136 	ar0 = 0x00
                                    137 ;	main.c:5: GpioLedP0.pGPIOx=P0;
      000000 75*00 80         [24]  138 	mov	(_main_GpioLedP0_10000_2 + 0),#0x80
      000003 E4               [12]  139 	clr	a
      000004 F5*01            [12]  140 	mov	(_main_GpioLedP0_10000_2 + 1),a
      000006 F5*02            [12]  141 	mov	(_main_GpioLedP0_10000_2 + 2),a
                                    142 ;	main.c:6: GpioLedP0.pGPIOx=HIGH;
      000008 75*00 01         [24]  143 	mov	(_main_GpioLedP0_10000_2 + 0),#0x01
      00000B F5*01            [12]  144 	mov	(_main_GpioLedP0_10000_2 + 1),a
      00000D F5*02            [12]  145 	mov	(_main_GpioLedP0_10000_2 + 2),a
                                    146 ;	main.c:8: while(i--);
      00000F 75*05 E8         [24]  147 	mov	_main_i_10001_3,#0xe8
      000012 75*06 03         [24]  148 	mov	(_main_i_10001_3 + 1),#0x03
      000015 F5*07            [12]  149 	mov	(_main_i_10001_3 + 2),a
      000017 F5*08            [12]  150 	mov	(_main_i_10001_3 + 3),a
      000019                        151 00101$:
      000019 AA*05            [24]  152 	mov	r2,_main_i_10001_3
      00001B AB*06            [24]  153 	mov	r3,(_main_i_10001_3 + 1)
      00001D AE*07            [24]  154 	mov	r6,(_main_i_10001_3 + 2)
      00001F AF*08            [24]  155 	mov	r7,(_main_i_10001_3 + 3)
      000021 15*05            [12]  156 	dec	_main_i_10001_3
      000023 74 FF            [12]  157 	mov	a,#0xff
      000025 B5*05 0C         [24]  158 	cjne	a,_main_i_10001_3,00129$
      000028 15*06            [12]  159 	dec	(_main_i_10001_3 + 1)
      00002A B5*06 07         [24]  160 	cjne	a,(_main_i_10001_3 + 1),00129$
      00002D 15*07            [12]  161 	dec	(_main_i_10001_3 + 2)
      00002F B5*07 02         [24]  162 	cjne	a,(_main_i_10001_3 + 2),00129$
      000032 15*08            [12]  163 	dec	(_main_i_10001_3 + 3)
      000034                        164 00129$:
      000034 EA               [12]  165 	mov	a,r2
      000035 4B               [12]  166 	orl	a,r3
      000036 4E               [12]  167 	orl	a,r6
      000037 4F               [12]  168 	orl	a,r7
                                    169 ;	main.c:9: GpioLedP0.pGPIOx=LOW;
      000038 70 DF            [24]  170 	jnz	00101$
      00003A F5*00            [12]  171 	mov	(_main_GpioLedP0_10000_2 + 0),a
      00003C F5*01            [12]  172 	mov	(_main_GpioLedP0_10000_2 + 1),a
      00003E F5*02            [12]  173 	mov	(_main_GpioLedP0_10000_2 + 2),a
                                    174 ;	main.c:11: while(i--);
      000040 75*05 E8         [24]  175 	mov	_main_i_10001_3,#0xe8
      000043 75*06 03         [24]  176 	mov	(_main_i_10001_3 + 1),#0x03
      000046 F5*07            [12]  177 	mov	(_main_i_10001_3 + 2),a
      000048 F5*08            [12]  178 	mov	(_main_i_10001_3 + 3),a
      00004A                        179 00104$:
      00004A AA*05            [24]  180 	mov	r2,_main_i_10001_3
      00004C AB*06            [24]  181 	mov	r3,(_main_i_10001_3 + 1)
      00004E AE*07            [24]  182 	mov	r6,(_main_i_10001_3 + 2)
      000050 AF*08            [24]  183 	mov	r7,(_main_i_10001_3 + 3)
      000052 15*05            [12]  184 	dec	_main_i_10001_3
      000054 74 FF            [12]  185 	mov	a,#0xff
      000056 B5*05 0C         [24]  186 	cjne	a,_main_i_10001_3,00131$
      000059 15*06            [12]  187 	dec	(_main_i_10001_3 + 1)
      00005B B5*06 07         [24]  188 	cjne	a,(_main_i_10001_3 + 1),00131$
      00005E 15*07            [12]  189 	dec	(_main_i_10001_3 + 2)
      000060 B5*07 02         [24]  190 	cjne	a,(_main_i_10001_3 + 2),00131$
      000063 15*08            [12]  191 	dec	(_main_i_10001_3 + 3)
      000065                        192 00131$:
      000065 EA               [12]  193 	mov	a,r2
      000066 4B               [12]  194 	orl	a,r3
      000067 4E               [12]  195 	orl	a,r6
      000068 4F               [12]  196 	orl	a,r7
      000069 70 DF            [24]  197 	jnz	00104$
                                    198 ;	main.c:12: }
      00006B 22               [24]  199 	ret
                                    200 	.area CSEG    (CODE)
                                    201 	.area CONST   (CODE)
                                    202 	.area XINIT   (CODE)
                                    203 	.area CABS    (ABS,CODE)
